# JRE version: Java(TM) SE Runtime Environment (8.0_66-b02) (build 1.8.0_66-ea-b02)
# Java VM: Java HotSpot(TM) Client VM (25.66-b02 mixed mode windows-x86 )
Heap:
 def new generation   total 68224K, used 42284K [0x04600000, 0x09000000, 0x09b50000)
  eden space 60672K,  68% used [0x04600000, 0x06ea3fc0, 0x08140000)
  from space 7552K,   8% used [0x088a0000, 0x089473d0, 0x09000000)
  to   space 7552K,   0% used [0x08140000, 0x08140000, 0x088a0000)
 tenured generation   total 151460K, used 126806K [0x09b50000, 0x12f39000, 0x14600000)
   the space 151460K,  83% used [0x09b50000, 0x11725a10, 0x11725c00, 0x12f39000)
 Metaspace       used 29447K, capacity 31333K, committed 31360K, reserved 32128K
GC Heap History (10 events):
Event: 73.881 GC heap before
{Heap before GC invocations=77 (full 6):
 def new generation   total 68224K, used 68224K [0x04600000, 0x09000000, 0x09b50000)
  eden space 60672K, 100% used [0x04600000, 0x08140000, 0x08140000)
  from space 7552K, 100% used [0x08140000, 0x088a0000, 0x088a0000)
  to   space 7552K,   0% used [0x088a0000, 0x088a0000, 0x09000000)
 tenured generation   total 151460K, used 110711K [0x09b50000, 0x12f39000, 0x14600000)
   the space 151460K,  73% used [0x09b50000, 0x1076de78, 0x1076e000, 0x12f39000)
 Metaspace       used 29270K, capacity 31017K, committed 31104K, reserved 31104K
Event: 73.907 GC heap after
Heap after GC invocations=78 (full 6):
 def new generation   total 68224K, used 956K [0x04600000, 0x09000000, 0x09b50000)
  eden space 60672K,   0% used [0x04600000, 0x04600000, 0x08140000)
  from space 7552K,  12% used [0x088a0000, 0x0898f370, 0x09000000)
  to   space 7552K,   0% used [0x08140000, 0x08140000, 0x088a0000)
 tenured generation   total 151460K, used 118193K [0x09b50000, 0x12f39000, 0x14600000)
   the space 151460K,  78% used [0x09b50000, 0x10ebc7b0, 0x10ebc800, 0x12f39000)
 Metaspace       used 29270K, capacity 31017K, committed 31104K, reserved 31104K
}
Event: 76.583 GC heap before
{Heap before GC invocations=78 (full 6):
 def new generation   total 68224K, used 61628K [0x04600000, 0x09000000, 0x09b50000)
  eden space 60672K, 100% used [0x04600000, 0x08140000, 0x08140000)
  from space 7552K,  12% used [0x088a0000, 0x0898f370, 0x09000000)
  to   space 7552K,   0% used [0x08140000, 0x08140000, 0x088a0000)
 tenured generation   total 151460K, used 118193K [0x09b50000, 0x12f39000, 0x14600000)
   the space 151460K,  78% used [0x09b50000, 0x10ebc7b0, 0x10ebc800, 0x12f39000)
 Metaspace       used 29292K, capacity 31057K, committed 31104K, reserved 31104K
Event: 76.597 GC heap after
Heap after GC invocations=79 (full 6):
 def new generation   total 68224K, used 1654K [0x04600000, 0x09000000, 0x09b50000)
  eden space 60672K,   0% used [0x04600000, 0x04600000, 0x08140000)
  from space 7552K,  21% used [0x08140000, 0x082ddbe8, 0x088a0000)
  to   space 7552K,   0% used [0x088a0000, 0x088a0000, 0x09000000)
 tenured generation   total 151460K, used 118193K [0x09b50000, 0x12f39000, 0x14600000)
   the space 151460K,  78% used [0x09b50000, 0x10ebc7b0, 0x10ebc800, 0x12f39000)
 Metaspace       used 29292K, capacity 31057K, committed 31104K, reserved 31104K
}
Event: 107.392 GC heap before
{Heap before GC invocations=79 (full 6):
 def new generation   total 68224K, used 62326K [0x04600000, 0x09000000, 0x09b50000)
  eden space 60672K, 100% used [0x04600000, 0x08140000, 0x08140000)
  from space 7552K,  21% used [0x08140000, 0x082ddbe8, 0x088a0000)
  to   space 7552K,   0% used [0x088a0000, 0x088a0000, 0x09000000)
 tenured generation   total 151460K, used 118193K [0x09b50000, 0x12f39000, 0x14600000)
   the space 151460K,  78% used [0x09b50000, 0x10ebc7b0, 0x10ebc800, 0x12f39000)
 Metaspace       used 29316K, capacity 31107K, committed 31232K, reserved 32128K
Event: 107.404 GC heap after
Heap after GC invocations=80 (full 6):
 def new generation   total 68224K, used 2023K [0x04600000, 0x09000000, 0x09b50000)
  eden space 60672K,   0% used [0x04600000, 0x04600000, 0x08140000)
  from space 7552K,  26% used [0x088a0000, 0x08a99c18, 0x09000000)
  to   space 7552K,   0% used [0x08140000, 0x08140000, 0x088a0000)
 tenured generation   total 151460K, used 118193K [0x09b50000, 0x12f39000, 0x14600000)
   the space 151460K,  78% used [0x09b50000, 0x10ebc7b0, 0x10ebc800, 0x12f39000)
 Metaspace       used 29316K, capacity 31107K, committed 31232K, reserved 32128K
}
Event: 111.112 GC heap before
{Heap before GC invocations=80 (full 6):
 def new generation   total 68224K, used 62695K [0x04600000, 0x09000000, 0x09b50000)
  eden space 60672K, 100% used [0x04600000, 0x08140000, 0x08140000)
  from space 7552K,  26% used [0x088a0000, 0x08a99c18, 0x09000000)
  to   space 7552K,   0% used [0x08140000, 0x08140000, 0x088a0000)
 tenured generation   total 151460K, used 118193K [0x09b50000, 0x12f39000, 0x14600000)
   the space 151460K,  78% used [0x09b50000, 0x10ebc7b0, 0x10ebc800, 0x12f39000)
 Metaspace       used 29383K, capacity 31219K, committed 31232K, reserved 32128K
Event: 111.140 GC heap after
Heap after GC invocations=81 (full 6):
 def new generation   total 68224K, used 7552K [0x04600000, 0x09000000, 0x09b50000)
  eden space 60672K,   0% used [0x04600000, 0x04600000, 0x08140000)
  from space 7552K, 100% used [0x08140000, 0x088a0000, 0x088a0000)
  to   space 7552K,   0% used [0x088a0000, 0x088a0000, 0x09000000)
 tenured generation   total 151460K, used 121256K [0x09b50000, 0x12f39000, 0x14600000)
   the space 151460K,  80% used [0x09b50000, 0x111ba338, 0x111ba400, 0x12f39000)
 Metaspace       used 29383K, capacity 31219K, committed 31232K, reserved 32128K
}
Event: 177.368 GC heap before
{Heap before GC invocations=81 (full 6):
 def new generation   total 68224K, used 68224K [0x04600000, 0x09000000, 0x09b50000)
  eden space 60672K, 100% used [0x04600000, 0x08140000, 0x08140000)
  from space 7552K, 100% used [0x08140000, 0x088a0000, 0x088a0000)
  to   space 7552K,   0% used [0x088a0000, 0x088a0000, 0x09000000)
 tenured generation   total 151460K, used 121256K [0x09b50000, 0x12f39000, 0x14600000)
   the space 151460K,  80% used [0x09b50000, 0x111ba338, 0x111ba400, 0x12f39000)
 Metaspace       used 29436K, capacity 31323K, committed 31360K, reserved 32128K
Event: 177.387 GC heap after
Heap after GC invocations=82 (full 6):
 def new generation   total 68224K, used 668K [0x04600000, 0x09000000, 0x09b50000)
  eden space 60672K,   0% used [0x04600000, 0x04600000, 0x08140000)
  from space 7552K,   8% used [0x088a0000, 0x089473d0, 0x09000000)
  to   space 7552K,   0% used [0x08140000, 0x08140000, 0x088a0000)
 tenured generation   total 151460K, used 126806K [0x09b50000, 0x12f39000, 0x14600000)
   the space 151460K,  83% used [0x09b50000, 0x11725a10, 0x11725c00, 0x12f39000)
 Metaspace       used 29436K, capacity 31323K, committed 31360K, reserved 32128K
}

